<?xml version="1.0" encoding="UTF-8"?>
<!-- Generated by org.testng.reporters.JUnitReportReporter -->
<testsuite hostname="SEZ-WS-47" failures="0" tests="1" name="testCases.Login" time="5.705" errors="0" timestamp="2023-02-10T15:33:08 IST" skipped="0">
  <testcase classname="testCases.Login" name="loginoperation" time="5.705"/>
</testsuite> <!-- testCases.Login -->
