<?xml version="1.0" encoding="UTF-8"?>
<!-- Generated by org.testng.reporters.JUnitReportReporter -->
<testsuite hostname="SEZ-WS-47" failures="0" tests="1" name="testCases.Login" time="6.461" errors="0" timestamp="2023-02-14T15:58:21 IST" skipped="0">
  <testcase classname="testCases.Login" name="loginoperation" time="6.461"/>
</testsuite> <!-- testCases.Login -->
