<?xml version="1.0" encoding="UTF-8"?>
<!-- Generated by org.testng.reporters.JUnitReportReporter -->
<testsuite hostname="SEZ-WS-47" failures="0" tests="1" name="testCases.Login" time="4.407" errors="0" timestamp="2023-02-10T13:14:26 IST" skipped="0">
  <testcase classname="testCases.Login" name="loginoperation" time="4.407"/>
</testsuite> <!-- testCases.Login -->
